<?xml version="1.0" encoding="UTF-8"?>
<!-- Generated by org.testng.reporters.JUnitXMLReporter -->
<testsuite ignored="0" hostname="Hestabits-MacBook-Pro.local" failures="6" tests="8" name="chromeTest" time="234.036" errors="0" timestamp="2024-03-26T08:16:35 IST">
  <testcase classname="IcontentTestCases.Signupwithcode" name="verify_signup_registrationcode" time="25.943">
    <failure type="java.lang.AssertionError">
      <![CDATA[java.lang.AssertionError: 
at IcontentTestCases.Signupwithcode.verify_signup_registrationcode(Signupwithcode.java:48)
at java.base/java.util.ArrayList.forEach(ArrayList.java:1541)
... Removed 29 stack frames]]>
    </failure>
  </testcase> <!-- verify_signup_registrationcode -->
  <testcase classname="IcontentTestCases.signuphomeowners" name="verify_signup_homeowners" time="40.59">
    <failure type="java.lang.AssertionError">
      <![CDATA[java.lang.AssertionError: 
at IcontentTestCases.signuphomeowners.verify_signup_homeowners(signuphomeowners.java:38)
at java.base/java.util.ArrayList.forEach(ArrayList.java:1541)
... Removed 29 stack frames]]>
    </failure>
  </testcase> <!-- verify_signup_homeowners -->
  <testcase classname="IcontentTestCases.Login" name="verify_login" time="61.143"/>
  <testcase classname="IcontentTestCases.Professionalcreate" name="verif_professional" time="10.016">
    <failure type="java.lang.AssertionError">
      <![CDATA[java.lang.AssertionError: 
at IcontentTestCases.Professionalcreate.verif_professional(Professionalcreate.java:31)
at java.base/java.util.ArrayList.forEach(ArrayList.java:1541)
... Removed 29 stack frames]]>
    </failure>
  </testcase> <!-- verif_professional -->
  <testcase classname="IcontentTestCases.Signupclassprofessional" name="verify_signup_registration" time="15.05">
    <failure type="java.lang.AssertionError">
      <![CDATA[java.lang.AssertionError: 
at IcontentTestCases.Signupclassprofessional.verify_signup_registration(Signupclassprofessional.java:47)
at java.base/java.util.ArrayList.forEach(ArrayList.java:1541)
... Removed 29 stack frames]]>
    </failure>
  </testcase> <!-- verify_signup_registration -->
  <testcase classname="IcontentTestCases.Signupclasswithemail" name="verify_signup_registration" time="21.941">
    <failure type="java.lang.AssertionError">
      <![CDATA[java.lang.AssertionError: 
at IcontentTestCases.Signupclasswithemail.verify_signup_registration(Signupclasswithemail.java:47)
at java.base/java.util.ArrayList.forEach(ArrayList.java:1541)
... Removed 29 stack frames]]>
    </failure>
  </testcase> <!-- verify_signup_registration -->
  <testcase classname="IcontentTestCases.Resetpassword" name="verify_resetpassword" time="15.309"/>
  <testcase classname="IcontentTestCases.Projectcreationtestcases" name="pcreation" time="12.245">
    <failure type="java.lang.AssertionError" message="Test failed due to exception: no such element: Unable to locate element: {&amp;quot;method&amp;quot;:&amp;quot;xpath&amp;quot;,&amp;quot;selector&amp;quot;:&amp;quot;//*[@id=&amp;quot;root&amp;quot;]/div/div/div/div[1]/div/div/div[1]/div/div/div[2]/div/div/div[1]/div[2]/div/div[2]&amp;quot;}
  (Session info: chrome=123.0.6312.59)
For documentation on this error, please visit: https://www.selenium.dev/documentation/webdriver/troubleshooting/errors#no-such-element-exception
Build info: version: &amp;apos;4.17.0&amp;apos;, revision: &amp;apos;e52b1be057*&amp;apos;
System info: os.name: &amp;apos;Mac OS X&amp;apos;, os.arch: &amp;apos;x86_64&amp;apos;, os.version: &amp;apos;11.7.10&amp;apos;, java.version: &amp;apos;11.0.21&amp;apos;
Driver info: org.openqa.selenium.chrome.ChromeDriver
Command: [cdfe1f5e1bbd4699d87595978a1c611e, findElement {value=//*[@id=&amp;quot;root&amp;quot;]/div/div/div/div[1]/div/div/div[1]/div/div/div[2]/div/div/div[1]/div[2]/div/div[2], using=xpath}]
Capabilities {acceptInsecureCerts: false, browserName: chrome, browserVersion: 123.0.6312.59, chrome: {chromedriverVersion: 123.0.6312.58 (6b4b19e9dfbb..., userDataDir: /var/folders/k6/j5yvbhgd4dg...}, fedcm:accounts: true, goog:chromeOptions: {debuggerAddress: localhost:53059}, networkConnectionEnabled: false, pageLoadStrategy: normal, platformName: mac, proxy: Proxy(), se:cdp: ws://localhost:53059/devtoo..., se:cdpVersion: 123.0.6312.59, setWindowRect: true, strictFileInteractability: false, timeouts: {implicit: 0, pageLoad: 300000, script: 30000}, unhandledPromptBehavior: dismiss and notify, webauthn:extension:credBlob: true, webauthn:extension:largeBlob: true, webauthn:extension:minPinLength: true, webauthn:extension:prf: true, webauthn:virtualAuthenticators: true}
Session ID: cdfe1f5e1bbd4699d87595978a1c611e">
      <![CDATA[java.lang.AssertionError: Test failed due to exception: no such element: Unable to locate element: {"method":"xpath","selector":"//*[@id="root"]/div/div/div/div[1]/div/div/div[1]/div/div/div[2]/div/div/div[1]/div[2]/div/div[2]"}
  (Session info: chrome=123.0.6312.59)
For documentation on this error, please visit: https://www.selenium.dev/documentation/webdriver/troubleshooting/errors#no-such-element-exception
Build info: version: '4.17.0', revision: 'e52b1be057*'
System info: os.name: 'Mac OS X', os.arch: 'x86_64', os.version: '11.7.10', java.version: '11.0.21'
Driver info: org.openqa.selenium.chrome.ChromeDriver
Command: [cdfe1f5e1bbd4699d87595978a1c611e, findElement {value=//*[@id="root"]/div/div/div/div[1]/div/div/div[1]/div/div/div[2]/div/div/div[1]/div[2]/div/div[2], using=xpath}]
Capabilities {acceptInsecureCerts: false, browserName: chrome, browserVersion: 123.0.6312.59, chrome: {chromedriverVersion: 123.0.6312.58 (6b4b19e9dfbb..., userDataDir: /var/folders/k6/j5yvbhgd4dg...}, fedcm:accounts: true, goog:chromeOptions: {debuggerAddress: localhost:53059}, networkConnectionEnabled: false, pageLoadStrategy: normal, platformName: mac, proxy: Proxy(), se:cdp: ws://localhost:53059/devtoo..., se:cdpVersion: 123.0.6312.59, setWindowRect: true, strictFileInteractability: false, timeouts: {implicit: 0, pageLoad: 300000, script: 30000}, unhandledPromptBehavior: dismiss and notify, webauthn:extension:credBlob: true, webauthn:extension:largeBlob: true, webauthn:extension:minPinLength: true, webauthn:extension:prf: true, webauthn:virtualAuthenticators: true}
Session ID: cdfe1f5e1bbd4699d87595978a1c611e
at IcontentTestCases.Projectcreationtestcases.pcreation(Projectcreationtestcases.java:34)
at java.base/java.util.ArrayList.forEach(ArrayList.java:1541)
... Removed 28 stack frames]]>
    </failure>
  </testcase> <!-- pcreation -->
</testsuite> <!-- chromeTest -->
